<?xml version="1.0" encoding="UTF-8"?>
<testng-results ignored="0" total="1" passed="1" failed="0" skipped="0">
  <reporter-output>
  </reporter-output>
  <suite started-at="2022-10-18T21:06:23 IST" name="Default suite" finished-at="2022-10-18T21:06:30 IST" duration-ms="6726">
    <groups>
    </groups>
    <test started-at="2022-10-18T21:06:23 IST" name="Default test" finished-at="2022-10-18T21:06:30 IST" duration-ms="6726">
      <class name="Test.LoginRegistrationTesting.AdminLoginTest">
        <test-method signature="login()[pri:0, instance:Test.LoginRegistrationTesting.AdminLoginTest@101952da]" started-at="2022-10-18T21:06:23 IST" name="login" finished-at="2022-10-18T21:06:30 IST" duration-ms="6654" status="PASS">
          <reporter-output>
          </reporter-output>
        </test-method> <!-- login -->
      </class> <!-- Test.LoginRegistrationTesting.AdminLoginTest -->
    </test> <!-- Default test -->
  </suite> <!-- Default suite -->
</testng-results>
